scripts/kconfig/conf  --silentoldconfig Kconfig
  CHK     include/config/kernel.release
  CHK     include/generated/uapi/linux/version.h
  UPD     include/generated/uapi/linux/version.h
  WRAP    arch/arm/include/generated/asm/bitsperlong.h
  WRAP    arch/arm/include/generated/asm/cputime.h
  WRAP    arch/arm/include/generated/asm/emergency-restart.h
  WRAP    arch/arm/include/generated/asm/current.h
  WRAP    arch/arm/include/generated/asm/errno.h
  WRAP    arch/arm/include/generated/asm/exec.h
  WRAP    arch/arm/include/generated/asm/ioctl.h
  WRAP    arch/arm/include/generated/asm/ipcbuf.h
  WRAP    arch/arm/include/generated/asm/irq_regs.h
  HOSTCC  scripts/basic/bin2c
  WRAP    arch/arm/include/generated/asm/kdebug.h
  WRAP    arch/arm/include/generated/asm/local.h
  WRAP    arch/arm/include/generated/asm/local64.h
  WRAP    arch/arm/include/generated/asm/mcs_spinlock.h
  WRAP    arch/arm/include/generated/asm/msgbuf.h
  WRAP    arch/arm/include/generated/asm/param.h
  WRAP    arch/arm/include/generated/asm/parport.h
  WRAP    arch/arm/include/generated/asm/poll.h
  WRAP    arch/arm/include/generated/asm/preempt.h
  WRAP    arch/arm/include/generated/asm/resource.h
  WRAP    arch/arm/include/generated/asm/rwsem.h
  WRAP    arch/arm/include/generated/asm/scatterlist.h
  WRAP    arch/arm/include/generated/asm/seccomp.h
  WRAP    arch/arm/include/generated/asm/sections.h
  WRAP    arch/arm/include/generated/asm/segment.h
  WRAP    arch/arm/include/generated/asm/sembuf.h
  WRAP    arch/arm/include/generated/asm/serial.h
  WRAP    arch/arm/include/generated/asm/shmbuf.h
  WRAP    arch/arm/include/generated/asm/siginfo.h
  WRAP    arch/arm/include/generated/asm/simd.h
  WRAP    arch/arm/include/generated/asm/sizes.h
  WRAP    arch/arm/include/generated/asm/socket.h
  WRAP    arch/arm/include/generated/asm/sockios.h
  WRAP    arch/arm/include/generated/asm/termbits.h
  WRAP    arch/arm/include/generated/asm/timex.h
  WRAP    arch/arm/include/generated/asm/trace_clock.h
  WRAP    arch/arm/include/generated/asm/termios.h
  WRAP    arch/arm/include/generated/asm/unaligned.h
  HOSTCC  scripts/kallsyms
  HOSTCC  scripts/genksyms/genksyms.o
  HOSTCC  scripts/pnmtologo
  HOSTCC  scripts/dtc/dtc.o
  SHIPPED scripts/genksyms/parse.tab.c
  HOSTCC  scripts/conmakehash
  CC      scripts/mod/empty.o
  SHIPPED scripts/genksyms/lex.lex.c
  SHIPPED scripts/genksyms/keywords.hash.c
  SHIPPED scripts/genksyms/parse.tab.h
  HOSTCC  scripts/genksyms/parse.tab.o
  HOSTCC  scripts/dtc/flattree.o
  HOSTCC  scripts/sortextable
  HOSTCC  scripts/mod/mk_elfconfig
  CC      scripts/mod/devicetable-offsets.s
  HOSTCC  scripts/dtc/fstree.o
  HOSTCC  scripts/genksyms/lex.lex.o
  HOSTCC  scripts/dtc/data.o
  MKELF   scripts/mod/elfconfig.h
  HOSTCC  scripts/mod/modpost.o
  HOSTCC  scripts/dtc/livetree.o
  HOSTCC  scripts/dtc/treesource.o
  HOSTCC  scripts/dtc/srcpos.o
  HOSTCC  scripts/dtc/checks.o
  HOSTCC  scripts/dtc/util.o
  SHIPPED scripts/dtc/dtc-lexer.lex.c
  HOSTCC  scripts/mod/sumversion.o
  SHIPPED scripts/dtc/dtc-parser.tab.h
  SHIPPED scripts/dtc/dtc-parser.tab.c
  HOSTLD  scripts/genksyms/genksyms
  HOSTCC  scripts/dtc/dtc-lexer.lex.o
  HOSTCC  scripts/dtc/dtc-parser.tab.o
  GEN     scripts/mod/devicetable-offsets.h
  HOSTCC  scripts/mod/file2alias.o
  HOSTLD  scripts/dtc/dtc
  HOSTLD  scripts/mod/modpost
